#
# A fatal error has been detected by the Java Runtime Environment:
#
#  EXCEPTION_ACCESS_VIOLATION (0xc0000005) at pc=0x0000000062a87f5b, pid=4656, tid=3128
#
# JRE version: Java(TM) SE Runtime Environment (7.0_51-b13) (build 1.7.0_51-b13)
# Java VM: Java HotSpot(TM) 64-Bit Server VM (24.51-b03 mixed mode windows-amd64 compressed oops)
# Problematic frame:
# V  [jvm.dll+0x397f5b]
#
# Failed to write core dump. Minidumps are not enabled by default on client versions of Windows
#
# If you would like to submit a bug report, please visit:
#   http://bugreport.sun.com/bugreport/crash.jsp
#

---------------  T H R E A D  ---------------

Current thread (0x00000000023c9800):  GCTaskThread [stack: 0x0000000005d50000,0x0000000005e50000] [id=3128]

siginfo: ExceptionCode=0xc0000005, writing address 0x0000000002290010

Registers:
RAX=0x0000000002260000, RBX=0x0000000062e43bd0, RCX=0x0000000000030020, RDX=0x0000000000000246
RSP=0x0000000005e4f470, RBP=0x000000000000157a, RSI=0x0000000000000922, RDI=0x00000007c46b5dc8
R8 =0x0000000000006bb9, R9 =0x0000000000000003, R10=0x0000000000000000, R11=0x0000000000000000
R12=0x000000000c58cae9, R13=0x000000077be4dea0, R14=0x000000077be4dea8, R15=0x00000007c46b5da8
RIP=0x0000000062a87f5b, EFLAGS=0x0000000000010202

Top of Stack: (sp=0x0000000005e4f470)
0x0000000005e4f470:   0000000062e43b50 000000000c58cae9
0x0000000005e4f480:   00000007c46b1c00 0000000062804709
0x0000000005e4f490:   00000007c46b5dc4 00000000627de009
0x0000000005e4f4a0:   00000007c46b5dc8 00000007c46b5db4
0x0000000005e4f4b0:   000000000c58cae9 000000000a78e340
0x0000000005e4f4c0:   0000000000000000 00000000023c9ab0
0x0000000005e4f4d0:   00000000023c6e70 0000000000000001
0x0000000005e4f4e0:   0000000000000d6f 0000000062a8277c
0x0000000005e4f4f0:   000000000af42bc0 00000007c46b5da8
0x0000000005e4f500:   000000000a78e340 0000000062cad4d0
0x0000000005e4f510:   00000007f1d91084 000000000000000d
0x0000000005e4f520:   00000007c4102068 0000000062804771
0x0000000005e4f530:   000000000af42d30 00000000628c3712
0x0000000005e4f540:   00000000023c9800 00000000023c6e70
0x0000000005e4f550:   00000000023c9ac0 00000000023c9ab0
0x0000000005e4f560:   0000000062cad4d0 0000000000000001 

Instructions: (pc=0x0000000062a87f5b)
0x0000000062a87f3b:   48 8d 0c b6 48 8b d5 48 c1 e1 03 48 2b d6 0f 1f
0x0000000062a87f4b:   80 00 00 00 00 48 8b 43 18 48 83 c1 28 48 ff ca
0x0000000062a87f5b:   c7 44 01 f0 00 00 01 00 48 8b 43 18 48 89 7c 01
0x0000000062a87f6b:   e8 75 e2 48 8d 54 ad 00 4a 8d 44 e7 f8 48 c1 e8 


Register to memory mapping:

RAX=0x0000000002260000 is an unknown value
RBX=0x0000000062e43bd0 is an unknown value
RCX=0x0000000000030020 is an unknown value
RDX=0x0000000000000246 is an unknown value
RSP=0x0000000005e4f470 is an unknown value
RBP=0x000000000000157a is an unknown value
RSI=0x0000000000000922 is an unknown value
RDI=0x00000007c46b5dc8 is an oop

[error occurred during error reporting (printing register info), id 0xc0000005]

Stack: [0x0000000005d50000,0x0000000005e50000],  sp=0x0000000005e4f470,  free space=1021k
Native frames: (J=compiled Java code, j=interpreted, Vv=VM code, C=native code)
V  [jvm.dll+0x397f5b]


---------------  P R O C E S S  ---------------

Java Threads: ( => current thread )
  0x000000000a86a800 JavaThread "Service Thread" daemon [_thread_blocked, id=5496, stack(0x000000000bfd0000,0x000000000c0d0000)]
  0x000000000a859000 JavaThread "C2 CompilerThread1" daemon [_thread_blocked, id=1992, stack(0x000000000bed0000,0x000000000bfd0000)]
  0x000000000a852800 JavaThread "C2 CompilerThread0" daemon [_thread_blocked, id=3260, stack(0x000000000bdd0000,0x000000000bed0000)]
  0x000000000a851800 JavaThread "Attach Listener" daemon [_thread_blocked, id=2676, stack(0x000000000bcd0000,0x000000000bdd0000)]
  0x000000000a84e000 JavaThread "Signal Dispatcher" daemon [_thread_blocked, id=1156, stack(0x000000000bbd0000,0x000000000bcd0000)]
  0x000000000a81c800 JavaThread "Finalizer" daemon [_thread_blocked, id=2680, stack(0x000000000bad0000,0x000000000bbd0000)]
  0x000000000a811800 JavaThread "Reference Handler" daemon [_thread_blocked, id=144, stack(0x000000000b9d0000,0x000000000bad0000)]
  0x00000000022ad800 JavaThread "main" [_thread_blocked, id=2728, stack(0x00000000022b0000,0x00000000023b0000)]

Other Threads:
  0x000000000a810000 VMThread [stack: 0x000000000b8d0000,0x000000000b9d0000] [id=3580]
  0x000000000a873800 WatcherThread [stack: 0x000000000c0d0000,0x000000000c1d0000] [id=2384]

=>0x00000000023c9800 (exited) GCTaskThread [stack: 0x0000000005d50000,0x0000000005e50000] [id=3128]

VM state:at safepoint (normal execution)

VM Mutex/Monitor currently owned by a thread:  ([mutex/lock_event])
[0x00000000022aca80] Threads_lock - owner thread: 0x000000000a810000
[0x00000000022acc80] Heap_lock - owner thread: 0x00000000022ad800

Heap
 PSYoungGen      total 464384K, used 62358K [0x00000007d5800000, 0x0000000800000000, 0x0000000800000000)
  eden space 232448K, 0% used [0x00000007d5800000,0x00000007d5800000,0x00000007e3b00000)
  from space 231936K, 26% used [0x00000007f1d80000,0x00000007f5a659b0,0x0000000800000000)
  to   space 231936K, 0% used [0x00000007e3b00000,0x00000007e3b00000,0x00000007f1d80000)
 ParOldGen       total 1316352K, used 1141489K [0x0000000780800000, 0x00000007d0d80000, 0x00000007d5800000)
  object space 1316352K, 86% used [0x0000000780800000,0x00000007c62bc708,0x00000007d0d80000)
 PSPermGen       total 21504K, used 8537K [0x000000077b600000, 0x000000077cb00000, 0x0000000780800000)
  object space 21504K, 39% used [0x000000077b600000,0x000000077be56698,0x000000077cb00000)

Card table byte_map: [0x0000000005570000,0x00000000059a0000] byte_map_base: 0x0000000001995000

Polling page: 0x0000000002200000

Code Cache  [0x00000000024b0000, 0x0000000002720000, 0x00000000054b0000)
 total_blobs=865 nmethods=582 adapters=236 free_code_cache=47320Kb largest_free_block=48392448

Compilation events (10 events):
Event: 7.056 Thread 0x000000000a852800  595             java.util.ArrayList::<init> (12 bytes)
Event: 7.056 Thread 0x000000000a852800 nmethod 595 0x0000000002685690 code [0x00000000026857c0, 0x0000000002685838]
Event: 8.132 Thread 0x000000000a859000  596             preProcessing.PosTaggedWords::<init> (5 bytes)
Event: 8.132 Thread 0x000000000a859000 nmethod 596 0x0000000002680790 code [0x00000000026808c0, 0x0000000002680918]
Event: 8.133 Thread 0x000000000a852800  597   !         sun.reflect.GeneratedConstructorAccessor17::newInstance (49 bytes)
Event: 8.134 Thread 0x000000000a852800 nmethod 597 0x00000000026779d0 code [0x0000000002677b20, 0x0000000002677c18]
Event: 9.343 Thread 0x000000000a859000  598             com.google.gson.internal.bind.CollectionTypeAdapterFactory$Adapter::read (6 bytes)
Event: 9.343 Thread 0x000000000a859000 nmethod 598 0x0000000002680510 code [0x0000000002680660, 0x00000000026806e8]
Event: 12.266 Thread 0x000000000a852800  599   !         sun.reflect.GeneratedConstructorAccessor18::newInstance (49 bytes)
Event: 12.267 Thread 0x000000000a852800 nmethod 599 0x00000000025bb9d0 code [0x00000000025bbb40, 0x00000000025bbc68]

GC Heap History (10 events):
Event: 15.592 GC heap after
Heap after GC invocations=23 (full 5):
 PSYoungGen      total 455168K, used 13677K [0x00000007d5800000, 0x0000000800000000, 0x0000000800000000)
  eden space 232448K, 0% used [0x00000007d5800000,0x00000007d5800000,0x00000007e3b00000)
  from space 222720K, 6% used [0x00000007f2680000,0x00000007f33db518,0x0000000800000000)
  to   space 231936K, 0% used [0x00000007e3b00000,0x00000007e3b00000,0x00000007f1d80000)
 ParOldGen       total 1316352K, used 934768K [0x0000000780800000, 0x00000007d0d80000, 0x00000007d5800000)
  object space 1316352K, 71% used [0x0000000780800000,0x00000007b98dc1f0,0x00000007d0d80000)
 PSPermGen       total 21504K, used 8537K [0x000000077b600000, 0x000000077cb00000, 0x0000000780800000)
  object space 21504K, 39% used [0x000000077b600000,0x000000077be56698,0x000000077cb00000)
}
Event: 15.771 GC heap before
{Heap before GC invocations=24 (full 5):
 PSYoungGen      total 455168K, used 155428K [0x00000007d5800000, 0x0000000800000000, 0x0000000800000000)
  eden space 232448K, 60% used [0x00000007d5800000,0x00000007de26dd88,0x00000007e3b00000)
  from space 222720K, 6% used [0x00000007f2680000,0x00000007f33db518,0x0000000800000000)
  to   space 231936K, 0% used [0x00000007e3b00000,0x00000007e3b00000,0x00000007f1d80000)
 ParOldGen       total 1316352K, used 934768K [0x0000000780800000, 0x00000007d0d80000, 0x00000007d5800000)
  object space 1316352K, 71% used [0x0000000780800000,0x00000007b98dc1f0,0x00000007d0d80000)
 PSPermGen       total 21504K, used 8537K [0x000000077b600000, 0x000000077cb00000, 0x0000000780800000)
  object space 21504K, 39% used [0x000000077b600000,0x000000077be56698,0x000000077cb00000)
Event: 15.907 GC heap after
Heap after GC invocations=24 (full 5):
 PSYoungGen      total 464384K, used 138891K [0x00000007d5800000, 0x0000000800000000, 0x0000000800000000)
  eden space 232448K, 0% used [0x00000007d5800000,0x00000007d5800000,0x00000007e3b00000)
  from space 231936K, 59% used [0x00000007e3b00000,0x00000007ec2a2e18,0x00000007f1d80000)
  to   space 231936K, 0% used [0x00000007f1d80000,0x00000007f1d80000,0x0000000800000000)
 ParOldGen       total 1316352K, used 948575K [0x0000000780800000, 0x00000007d0d80000, 0x00000007d5800000)
  object space 1316352K, 72% used [0x0000000780800000,0x00000007ba657fb0,0x00000007d0d80000)
 PSPermGen       total 21504K, used 8537K [0x000000077b600000, 0x000000077cb00000, 0x0000000780800000)
  object space 21504K, 39% used [0x000000077b600000,0x000000077be56698,0x000000077cb00000)
}
Event: 16.087 GC heap before
{Heap before GC invocations=25 (full 5):
 PSYoungGen      total 464384K, used 371339K [0x00000007d5800000, 0x0000000800000000, 0x0000000800000000)
  eden space 232448K, 100% used [0x00000007d5800000,0x00000007e3b00000,0x00000007e3b00000)
  from space 231936K, 59% used [0x00000007e3b00000,0x00000007ec2a2e18,0x00000007f1d80000)
  to   space 231936K, 0% used [0x00000007f1d80000,0x00000007f1d80000,0x0000000800000000)
 ParOldGen       total 1316352K, used 948575K [0x0000000780800000, 0x00000007d0d80000, 0x00000007d5800000)
  object space 1316352K, 72% used [0x0000000780800000,0x00000007ba657fb0,0x00000007d0d80000)
 PSPermGen       total 21504K, used 8537K [0x000000077b600000, 0x000000077cb00000, 0x0000000780800000)
  object space 21504K, 39% used [0x000000077b600000,0x000000077be56698,0x000000077cb00000)
Event: 16.146 GC heap after
Heap after GC invocations=25 (full 5):
 PSYoungGen      total 464384K, used 129895K [0x00000007d5800000, 0x0000000800000000, 0x0000000800000000)
  eden space 232448K, 0% used [0x00000007d5800000,0x00000007d5800000,0x00000007e3b00000)
  from space 231936K, 56% used [0x00000007f1d80000,0x00000007f9c59fa0,0x0000000800000000)
  to   space 231936K, 0% used [0x00000007e3b00000,0x00000007e3b00000,0x00000007f1d80000)
 ParOldGen       total 1316352K, used 948583K [0x0000000780800000, 0x00000007d0d80000, 0x00000007d5800000)
  object space 1316352K, 72% used [0x0000000780800000,0x00000007ba659fb0,0x00000007d0d80000)
 PSPermGen       total 21504K, used 8537K [0x000000077b600000, 0x000000077cb00000, 0x0000000780800000)
  object space 21504K, 39% used [0x000000077b600000,0x000000077be56698,0x000000077cb00000)
}
Event: 16.402 GC heap before
{Heap before GC invocations=26 (full 5):
 PSYoungGen      total 464384K, used 362343K [0x00000007d5800000, 0x0000000800000000, 0x0000000800000000)
  eden space 232448K, 100% used [0x00000007d5800000,0x00000007e3b00000,0x00000007e3b00000)
  from space 231936K, 56% used [0x00000007f1d80000,0x00000007f9c59fa0,0x0000000800000000)
  to   space 231936K, 0% used [0x00000007e3b00000,0x00000007e3b00000,0x00000007f1d80000)
 ParOldGen       total 1316352K, used 948583K [0x0000000780800000, 0x00000007d0d80000, 0x00000007d5800000)
  object space 1316352K, 72% used [0x0000000780800000,0x00000007ba659fb0,0x00000007d0d80000)
 PSPermGen       total 21504K, used 8537K [0x000000077b600000, 0x000000077cb00000, 0x0000000780800000)
  object space 21504K, 39% used [0x000000077b600000,0x000000077be56698,0x000000077cb00000)
Event: 16.563 GC heap after
Heap after GC invocations=26 (full 5):
 PSYoungGen      total 464384K, used 62720K [0x00000007d5800000, 0x0000000800000000, 0x0000000800000000)
  eden space 232448K, 0% used [0x00000007d5800000,0x00000007d5800000,0x00000007e3b00000)
  from space 231936K, 27% used [0x00000007e3b00000,0x00000007e7840000,0x00000007f1d80000)
  to   space 231936K, 0% used [0x00000007f1d80000,0x00000007f1d80000,0x0000000800000000)
 ParOldGen       total 1316352K, used 1078611K [0x0000000780800000, 0x00000007d0d80000, 0x00000007d5800000)
  object space 1316352K, 81% used [0x0000000780800000,0x00000007c2554cb8,0x00000007d0d80000)
 PSPermGen       total 21504K, used 8537K [0x000000077b600000, 0x000000077cb00000, 0x0000000780800000)
  object space 21504K, 39% used [0x000000077b600000,0x000000077be56698,0x000000077cb00000)
}
Event: 16.817 GC heap before
{Heap before GC invocations=27 (full 5):
 PSYoungGen      total 464384K, used 295168K [0x00000007d5800000, 0x0000000800000000, 0x0000000800000000)
  eden space 232448K, 100% used [0x00000007d5800000,0x00000007e3b00000,0x00000007e3b00000)
  from space 231936K, 27% used [0x00000007e3b00000,0x00000007e7840000,0x00000007f1d80000)
  to   space 231936K, 0% used [0x00000007f1d80000,0x00000007f1d80000,0x0000000800000000)
 ParOldGen       total 1316352K, used 1078611K [0x0000000780800000, 0x00000007d0d80000, 0x00000007d5800000)
  object space 1316352K, 81% used [0x0000000780800000,0x00000007c2554cb8,0x00000007d0d80000)
 PSPermGen       total 21504K, used 8537K [0x000000077b600000, 0x000000077cb00000, 0x0000000780800000)
  object space 21504K, 39% used [0x000000077b600000,0x000000077be56698,0x000000077cb00000)
Event: 16.997 GC heap after
Heap after GC invocations=27 (full 5):
 PSYoungGen      total 464384K, used 62358K [0x00000007d5800000, 0x0000000800000000, 0x0000000800000000)
  eden space 232448K, 0% used [0x00000007d5800000,0x00000007d5800000,0x00000007e3b00000)
  from space 231936K, 26% used [0x00000007f1d80000,0x00000007f5a659b0,0x0000000800000000)
  to   space 231936K, 0% used [0x00000007e3b00000,0x00000007e3b00000,0x00000007f1d80000)
 ParOldGen       total 1316352K, used 1141489K [0x0000000780800000, 0x00000007d0d80000, 0x00000007d5800000)
  object space 1316352K, 86% used [0x0000000780800000,0x00000007c62bc708,0x00000007d0d80000)
 PSPermGen       total 21504K, used 8537K [0x000000077b600000, 0x000000077cb00000, 0x0000000780800000)
  object space 21504K, 39% used [0x000000077b600000,0x000000077be56698,0x000000077cb00000)
}
Event: 16.997 GC heap before
{Heap before GC invocations=28 (full 6):
 PSYoungGen      total 464384K, used 62358K [0x00000007d5800000, 0x0000000800000000, 0x0000000800000000)
  eden space 232448K, 0% used [0x00000007d5800000,0x00000007d5800000,0x00000007e3b00000)
  from space 231936K, 26% used [0x00000007f1d80000,0x00000007f5a659b0,0x0000000800000000)
  to   space 231936K, 0% used [0x00000007e3b00000,0x00000007e3b00000,0x00000007f1d80000)
 ParOldGen       total 1316352K, used 1141489K [0x0000000780800000, 0x00000007d0d80000, 0x00000007d5800000)
  object space 1316352K, 86% used [0x0000000780800000,0x00000007c62bc708,0x00000007d0d80000)
 PSPermGen       total 21504K, used 8537K [0x000000077b600000, 0x000000077cb00000, 0x0000000780800000)
  object space 21504K, 39% used [0x000000077b600000,0x000000077be56698,0x000000077cb00000)

Deoptimization events (10 events):
Event: 2.624 Thread 0x00000000022ad800 Uncommon trap: reason=class_check action=maybe_recompile pc=0x000000000258dbc0 method=java.lang.reflect.Constructor.newInstance([Ljava/lang/Object;)Ljava/lang/Object; @ 79
Event: 2.655 Thread 0x00000000022ad800 Uncommon trap: reason=unloaded action=reinterpret pc=0x000000000257d7d4 method=sun.misc.FloatingDecimal.dtoa(IJI)V @ 1008
Event: 2.656 Thread 0x00000000022ad800 Uncommon trap: reason=unloaded action=reinterpret pc=0x00000000025783bc method=sun.misc.FloatingDecimal.doubleValue()D @ 848
Event: 3.292 Thread 0x00000000022ad800 Uncommon trap: reason=class_check action=maybe_recompile pc=0x00000000025e9394 method=java.util.HashMap.put(Ljava/lang/Object;Ljava/lang/Object;)Ljava/lang/Object; @ 137
Event: 3.292 Thread 0x00000000022ad800 Uncommon trap: reason=class_check action=maybe_recompile pc=0x00000000025e9394 method=java.util.HashMap.put(Ljava/lang/Object;Ljava/lang/Object;)Ljava/lang/Object; @ 137
Event: 3.292 Thread 0x00000000022ad800 Uncommon trap: reason=class_check action=maybe_recompile pc=0x00000000025e9394 method=java.util.HashMap.put(Ljava/lang/Object;Ljava/lang/Object;)Ljava/lang/Object; @ 137
Event: 3.679 Thread 0x00000000022ad800 Uncommon trap: reason=class_check action=maybe_recompile pc=0x00000000025e9394 method=java.util.HashMap.put(Ljava/lang/Object;Ljava/lang/Object;)Ljava/lang/Object; @ 137
Event: 15.935 Thread 0x00000000022ad800 Uncommon trap: reason=unreached action=reinterpret pc=0x000000000263e79c method=java.lang.ThreadLocal$ThreadLocalMap.getEntry(Ljava/lang/ThreadLocal;)Ljava/lang/ThreadLocal$ThreadLocalMap$Entry; @ 29
Event: 15.935 Thread 0x00000000022ad800 Uncommon trap: reason=unreached action=reinterpret pc=0x0000000002633acc method=java.lang.ThreadLocal$ThreadLocalMap.getEntry(Ljava/lang/ThreadLocal;)Ljava/lang/ThreadLocal$ThreadLocalMap$Entry; @ 29
Event: 15.935 Thread 0x00000000022ad800 Uncommon trap: reason=unreached action=reinterpret pc=0x000000000263372c method=java.lang.ThreadLocal$ThreadLocalMap.getEntry(Ljava/lang/ThreadLocal;)Ljava/lang/ThreadLocal$ThreadLocalMap$Entry; @ 29

Internal exceptions (10 events):
Event: 3.311 Thread 0x00000000022ad800 Threw 0x00000007d6ee1520 at C:\re\jdk7u51\527\hotspot\src\share\vm\prims\jvm.cpp:1244
Event: 3.676 Thread 0x00000000022ad800 Threw 0x00000007dbff5c10 at C:\re\jdk7u51\527\hotspot\src\share\vm\prims\jvm.cpp:1244
Event: 3.676 Thread 0x00000000022ad800 Threw 0x00000007dbff83d8 at C:\re\jdk7u51\527\hotspot\src\share\vm\prims\jvm.cpp:1244
Event: 3.677 Thread 0x00000000022ad800 Threw 0x00000007dc001008 at C:\re\jdk7u51\527\hotspot\src\share\vm\prims\jvm.cpp:1244
Event: 3.678 Thread 0x00000000022ad800 Threw 0x00000007dc003080 at C:\re\jdk7u51\527\hotspot\src\share\vm\prims\jvm.cpp:1244
Event: 3.678 Thread 0x00000000022ad800 Threw 0x00000007dc005490 at C:\re\jdk7u51\527\hotspot\src\share\vm\prims\jvm.cpp:1244
Event: 3.678 Thread 0x00000000022ad800 Threw 0x00000007dc007608 at C:\re\jdk7u51\527\hotspot\src\share\vm\prims\jvm.cpp:1244
Event: 3.679 Thread 0x00000000022ad800 Threw 0x00000007dc00c0c0 at C:\re\jdk7u51\527\hotspot\src\share\vm\interpreter\interpreterRuntime.cpp:347
Event: 3.680 Thread 0x00000000022ad800 Threw 0x00000007dc00e8e0 at C:\re\jdk7u51\527\hotspot\src\share\vm\prims\jvm.cpp:1244
Event: 3.680 Thread 0x00000000022ad800 Threw 0x00000007dc010f78 at C:\re\jdk7u51\527\hotspot\src\share\vm\prims\jvm.cpp:1244

Events (10 events):
Event: 15.935 Thread 0x00000000022ad800 DEOPT PACKING pc=0x0000000002633acc sp=0x00000000023aeac0
Event: 15.935 Thread 0x00000000022ad800 DEOPT UNPACKING pc=0x00000000024e9064 sp=0x00000000023aea00 mode 2
Event: 15.935 Thread 0x00000000022ad800 Uncommon trap: trap_request=0xffffffad fr.pc=0x000000000263372c
Event: 15.935 Thread 0x00000000022ad800 DEOPT PACKING pc=0x000000000263372c sp=0x00000000023ae920
Event: 15.935 Thread 0x00000000022ad800 DEOPT UNPACKING pc=0x00000000024e9064 sp=0x00000000023ae8c0 mode 2
Event: 16.087 Executing VM operation: ParallelGCFailedAllocation
Event: 16.146 Executing VM operation: ParallelGCFailedAllocation done
Event: 16.402 Executing VM operation: ParallelGCFailedAllocation
Event: 16.563 Executing VM operation: ParallelGCFailedAllocation done
Event: 16.817 Executing VM operation: ParallelGCFailedAllocation


Dynamic libraries:
0x00007ff71d570000 - 0x00007ff71d5a3000 	C:\Program Files\Java\jre7\bin\javaw.exe
0x00007ffaf99c0000 - 0x00007ffaf9b6a000 	C:\Windows\SYSTEM32\ntdll.dll
0x00007ffaf91b0000 - 0x00007ffaf92ea000 	C:\Windows\system32\KERNEL32.DLL
0x00007ffaf6f00000 - 0x00007ffaf700f000 	C:\Windows\system32\KERNELBASE.dll
0x00007ffaf5940000 - 0x00007ffaf59c8000 	C:\Windows\system32\apphelp.dll
0x00007ffaf0bd0000 - 0x00007ffaf0c1f000 	C:\Windows\AppPatch\AppPatch64\AcGenral.DLL
0x00007ffaf9680000 - 0x00007ffaf9727000 	C:\Windows\system32\msvcrt.dll
0x00007ffaf6b70000 - 0x00007ffaf6b9b000 	C:\Windows\SYSTEM32\SspiCli.dll
0x00007ffaf92f0000 - 0x00007ffaf9341000 	C:\Windows\system32\SHLWAPI.dll
0x00007ffaf75a0000 - 0x00007ffaf7711000 	C:\Windows\system32\USER32.dll
0x00007ffaf7240000 - 0x00007ffaf73b8000 	C:\Windows\system32\ole32.dll
0x00007ffaf7720000 - 0x00007ffaf8b36000 	C:\Windows\system32\SHELL32.dll
0x00007ffaf63a0000 - 0x00007ffaf63be000 	C:\Windows\SYSTEM32\USERENV.dll
0x00007ffaf93f0000 - 0x00007ffaf9495000 	C:\Windows\system32\ADVAPI32.dll
0x00007ffaefd90000 - 0x00007ffaefdab000 	C:\Windows\SYSTEM32\MPR.dll
0x00007ffaf8d10000 - 0x00007ffaf8e46000 	C:\Windows\system32\RPCRT4.dll
0x00007ffaf8cb0000 - 0x00007ffaf8d07000 	C:\Windows\SYSTEM32\sechost.dll
0x00007ffaf8e60000 - 0x00007ffaf9036000 	C:\Windows\SYSTEM32\combase.dll
0x00007ffaf9870000 - 0x00007ffaf99b5000 	C:\Windows\system32\GDI32.dll
0x00007ffaf6d30000 - 0x00007ffaf6d44000 	C:\Windows\SYSTEM32\profapi.dll
0x00007ffaf5370000 - 0x00007ffaf540f000 	C:\Windows\SYSTEM32\SHCORE.dll
0x00007ffaf9640000 - 0x00007ffaf9674000 	C:\Windows\system32\IMM32.DLL
0x00007ffaf8b40000 - 0x00007ffaf8c79000 	C:\Windows\system32\MSCTF.dll
0x00007ffaf4f40000 - 0x00007ffaf519a000 	C:\Windows\WinSxS\amd64_microsoft.windows.common-controls_6595b64144ccf1df_6.0.9600.17031_none_6242a4b3ecbb55a1\COMCTL32.dll
0x0000000062ec0000 - 0x0000000062f92000 	C:\Program Files\Java\jre7\bin\msvcr100.dll
0x00000000626f0000 - 0x0000000062eb9000 	C:\Program Files\Java\jre7\bin\server\jvm.dll
0x00007ffae83d0000 - 0x00007ffae83d9000 	C:\Windows\SYSTEM32\WSOCK32.dll
0x00007ffae8aa0000 - 0x00007ffae8abf000 	C:\Windows\SYSTEM32\WINMM.dll
0x00007ffaf8e50000 - 0x00007ffaf8e57000 	C:\Windows\system32\PSAPI.DLL
0x00007ffaf97f0000 - 0x00007ffaf9848000 	C:\Windows\system32\WS2_32.dll
0x00007ffae8a70000 - 0x00007ffae8a9a000 	C:\Windows\SYSTEM32\WINMMBASE.dll
0x00007ffaf8ca0000 - 0x00007ffaf8ca9000 	C:\Windows\system32\NSI.dll
0x00007ffaf71f0000 - 0x00007ffaf723a000 	C:\Windows\SYSTEM32\cfgmgr32.dll
0x00007ffaf5bd0000 - 0x00007ffaf5bf6000 	C:\Windows\SYSTEM32\DEVOBJ.dll
0x0000000063750000 - 0x000000006375f000 	C:\Program Files\Java\jre7\bin\verify.dll
0x0000000063720000 - 0x0000000063748000 	C:\Program Files\Java\jre7\bin\java.dll
0x0000000063700000 - 0x0000000063715000 	C:\Program Files\Java\jre7\bin\zip.dll
0x00000000636e0000 - 0x00000000636f9000 	C:\Program Files\Java\jre7\bin\net.dll
0x00007ffaf65f0000 - 0x00007ffaf6648000 	C:\Windows\system32\mswsock.dll
0x00000000626d0000 - 0x00000000626e1000 	C:\Program Files\Java\jre7\bin\nio.dll
0x00007ffae21f0000 - 0x00007ffae2378000 	C:\Windows\SYSTEM32\dbghelp.dll

VM Arguments:
jvm_args: -Dfile.encoding=Cp1252 
java_command: paperIII.RegressionWithOnlyImportantDates
Launcher Type: SUN_STANDARD

Environment Variables:
PATH=C:\Windows\system32;C:\Windows;C:\Windows\System32\Wbem;C:\Windows\System32\WindowsPowerShell\v1.0\;C:\Program Files (x86)\ATI Technologies\ATI.ACE\Core-Static;C:\Program Files (x86)\Windows Kits\8.1\Windows Performance Toolkit\;C:\Program Files\Microsoft SQL Server\110\Tools\Binn\;C:\Program Files\Microsoft\Web Platform Installer\;C:\Program Files\Microsoft SQL Server\Client SDK\ODBC\110\Tools\Binn\;C:\Program Files (x86)\Microsoft SQL Server\120\Tools\Binn\;C:\Program Files\Microsoft SQL Server\120\Tools\Binn\;C:\Program Files\Microsoft SQL Server\120\DTS\Binn\;C:\Program Files (x86)\EcoWin\
USERNAME=Lars
OS=Windows_NT
PROCESSOR_IDENTIFIER=AMD64 Family 21 Model 1 Stepping 2, AuthenticAMD



---------------  S Y S T E M  ---------------

OS: Windows 8 , 64 bit Build 9200 

CPU:total 4 (4 cores per cpu, 1 threads per core) family 21 model 1 stepping 2, cmov, cx8, fxsr, mmx, sse, sse2, sse3, ssse3, sse4.1, sse4.2, popcnt, avx, aes, mmxext, 3dnowpref, lzcnt, sse4a, tsc, tscinvbit, tscinv

Memory: 4k page, physical 8355584k(3997588k free), swap 16744192k(11377968k free)

vm_info: Java HotSpot(TM) 64-Bit Server VM (24.51-b03) for windows-amd64 JRE (1.7.0_51-b13), built on Dec 18 2013 18:40:56 by "java_re" with unknown MS VC++:1600

time: Sun May 25 14:46:44 2014
elapsed time: 17 seconds

