#
# A fatal error has been detected by the Java Runtime Environment:
#
#  EXCEPTION_ACCESS_VIOLATION (0xc0000005) at pc=0x000000005f1bdfd1, pid=724, tid=2108
#
# JRE version: Java(TM) SE Runtime Environment (7.0_51-b13) (build 1.7.0_51-b13)
# Java VM: Java HotSpot(TM) 64-Bit Server VM (24.51-b03 mixed mode windows-amd64 compressed oops)
# Problematic frame:
# V  [jvm.dll+0xedfd1]
#
# Failed to write core dump. Minidumps are not enabled by default on client versions of Windows
#
# If you would like to submit a bug report, please visit:
#   http://bugreport.sun.com/bugreport/crash.jsp
#

---------------  T H R E A D  ---------------

Current thread (0x00000000027ab000):  GCTaskThread [stack: 0x0000000006230000,0x0000000006330000] [id=2108]

siginfo: ExceptionCode=0xc0000005, reading address 0xffffffffffffffff

Registers:
RAX=0x000000077b6205a8, RBX=0x00000007b3541dc8, RCX=0x000000077b620638, RDX=0x00000007b3541dc8
RSP=0x000000000632f940, RBP=0x00000007b3541dbc, RSI=0x000000000ab8e4e0, RDI=0x000000000ab8e4e0
R8 =0x0000000000000000, R9 =0x0000000000000003, R10=0x0000000000000000, R11=0x000000000000000c
R12=0x00000007b3541dc0, R13=0x000000077b60abc0, R14=0x000000077b60abc8, R15=0x00000007b3541db0
RIP=0x000000005f1bdfd1, EFLAGS=0x0000000000010246

Top of Stack: (sp=0x000000000632f940)
0x000000000632f940:   000000077b60a960 00000007b3541ea4
0x000000000632f950:   0000000000000004 000000005f2a3712
0x000000000632f960:   0000000000000000 00000000000003d8
0x000000000632f970:   00000000027ab978 00000000027a7320
0x000000000632f980:   000000000000096a 000000005f46277c
0x000000000632f990:   000000000b43eb98 00000007b3541db0
0x000000000632f9a0:   000000000ab8e4e0 00000000027ab5a0
0x000000000632f9b0:   00000f0d000005eb 0000000000000c00
0x000000000632f9c0:   0000000000000000 0000000000000000
0x000000000632f9d0:   000000000b43d100 000000000278d800
0x000000000632f9e0:   0000000000000001 00000000027ab978
0x000000000632f9f0:   00000000027ab5a0 00000000000003d8
0x000000000632fa00:   00000000027ab5a0 00000000027a7320
0x000000000632fa10:   00000000027ab590 000000000ab255f0
0x000000000632fa20:   000000000ab8e4e0 000000005f45fa6e
0x000000000632fa30:   00000f0c000005eb 00000f0d000005eb 

Instructions: (pc=0x000000005f1bdfd1)
0x000000005f1bdfb1:   ce 61 00 48 ff c8 4c 8d 04 10 48 f7 d0 49 c1 e8
0x000000005f1bdfc1:   03 48 c1 e8 03 44 23 c0 eb 0f 48 8b 01 48 8b d3
0x000000005f1bdfd1:   ff 90 a8 00 00 00 44 8b c0 49 63 f0 48 8d 0d 6c
0x000000005f1bdfe1:   5b 66 00 48 8b d3 4c 8b c6 e8 21 10 2a 00 84 c0 


Register to memory mapping:

RAX=0x000000077b6205a8 is an oop
{constMethod} 
 - klass: {other class}
 - constants:       0x000000077b61f620 constant pool [340] for 'java/lang/Throwable' cache=0x000000077b69fc48
RBX=
[error occurred during error reporting (printing register info), id 0xc0000005]

Stack: [0x0000000006230000,0x0000000006330000],  sp=0x000000000632f940,  free space=1022k
Native frames: (J=compiled Java code, j=interpreted, Vv=VM code, C=native code)
V  [jvm.dll+0xedfd1]


---------------  P R O C E S S  ---------------

Java Threads: ( => current thread )
  0x000000000ac49800 JavaThread "Service Thread" daemon [_thread_blocked, id=5916, stack(0x000000000c3b0000,0x000000000c4b0000)]
  0x000000000ac37800 JavaThread "C2 CompilerThread1" daemon [_thread_blocked, id=3136, stack(0x000000000c2b0000,0x000000000c3b0000)]
  0x000000000ac32800 JavaThread "C2 CompilerThread0" daemon [_thread_blocked, id=3100, stack(0x000000000c1b0000,0x000000000c2b0000)]
  0x000000000ac31800 JavaThread "Attach Listener" daemon [_thread_blocked, id=2972, stack(0x000000000c0b0000,0x000000000c1b0000)]
  0x000000000ac2e000 JavaThread "Signal Dispatcher" daemon [_thread_blocked, id=3672, stack(0x000000000bfb0000,0x000000000c0b0000)]
  0x000000000abfc000 JavaThread "Finalizer" daemon [_thread_blocked, id=5540, stack(0x000000000beb0000,0x000000000bfb0000)]
  0x000000000abf1800 JavaThread "Reference Handler" daemon [_thread_blocked, id=2368, stack(0x000000000bdb0000,0x000000000beb0000)]
  0x000000000278d800 JavaThread "main" [_thread_blocked, id=5788, stack(0x0000000002620000,0x0000000002720000)]

Other Threads:
  0x000000000abf0000 VMThread [stack: 0x000000000bcb0000,0x000000000bdb0000] [id=2996]
  0x000000000ac63800 WatcherThread [stack: 0x000000000c4b0000,0x000000000c5b0000] [id=1056]

=>0x00000000027ab000 (exited) GCTaskThread [stack: 0x0000000006230000,0x0000000006330000] [id=2108]

VM state:at safepoint (normal execution)

VM Mutex/Monitor currently owned by a thread:  ([mutex/lock_event])
[0x000000000278c780] Threads_lock - owner thread: 0x000000000abf0000
[0x000000000278d300] Heap_lock - owner thread: 0x000000000278d800

Heap
 PSYoungGen      total 464384K, used 54880K [0x00000007d5800000, 0x0000000800000000, 0x0000000800000000)
  eden space 232448K, 0% used [0x00000007d5800000,0x00000007d5800000,0x00000007e3b00000)
  from space 231936K, 23% used [0x00000007e3b00000,0x00000007e7098000,0x00000007f1d80000)
  to   space 231936K, 0% used [0x00000007f1d80000,0x00000007f1d80000,0x0000000800000000)
 ParOldGen       total 872960K, used 872808K [0x0000000780800000, 0x00000007b5c80000, 0x00000007d5800000)
  object space 872960K, 99% used [0x0000000780800000,0x00000007b5c5a148,0x00000007b5c80000)
 PSPermGen       total 21504K, used 8526K [0x000000077b600000, 0x000000077cb00000, 0x0000000780800000)
  object space 21504K, 39% used [0x000000077b600000,0x000000077be53b08,0x000000077cb00000)

Card table byte_map: [0x0000000005950000,0x0000000005d80000] byte_map_base: 0x0000000001d75000

Polling page: 0x0000000000e70000

Code Cache  [0x0000000002890000, 0x0000000002b00000, 0x0000000005890000)
 total_blobs=878 nmethods=595 adapters=236 free_code_cache=47309Kb largest_free_block=48389888

Compilation events (10 events):
Event: 8.016 Thread 0x000000000ac32800  624             java.util.ArrayList::<init> (12 bytes)
Event: 8.016 Thread 0x000000000ac32800 nmethod 624 0x0000000002925d90 code [0x0000000002925ec0, 0x0000000002925f38]
Event: 8.405 Thread 0x000000000ac37800  625             preProcessing.PosTaggedWords::<init> (5 bytes)
Event: 8.406 Thread 0x000000000ac37800 nmethod 625 0x0000000002a5e650 code [0x0000000002a5e780, 0x0000000002a5e7d8]
Event: 10.703 Thread 0x000000000ac32800  626   !         sun.reflect.GeneratedConstructorAccessor17::newInstance (49 bytes)
Event: 10.704 Thread 0x000000000ac32800 nmethod 626 0x0000000002922650 code [0x00000000029227a0, 0x0000000002922898]
Event: 10.774 Thread 0x000000000ac37800  627             com.google.gson.internal.bind.CollectionTypeAdapterFactory$Adapter::read (6 bytes)
Event: 10.774 Thread 0x000000000ac37800 nmethod 627 0x0000000002a5e3d0 code [0x0000000002a5e520, 0x0000000002a5e5a8]
Event: 11.206 Thread 0x000000000ac32800  628   !         sun.reflect.GeneratedConstructorAccessor18::newInstance (49 bytes)
Event: 11.207 Thread 0x000000000ac32800 nmethod 628 0x000000000292a410 code [0x000000000292a580, 0x000000000292a6a8]

GC Heap History (10 events):
Event: 10.701 GC heap after
Heap after GC invocations=17 (full 4):
 PSYoungGen      total 441344K, used 119473K [0x00000007d5800000, 0x0000000800000000, 0x0000000800000000)
  eden space 321536K, 0% used [0x00000007d5800000,0x00000007d5800000,0x00000007e9200000)
  from space 119808K, 99% used [0x00000007e9200000,0x00000007f06ac6b0,0x00000007f0700000)
  to   space 195072K, 0% used [0x00000007f4180000,0x00000007f4180000,0x0000000800000000)
 ParOldGen       total 844288K, used 551763K [0x0000000780800000, 0x00000007b4080000, 0x00000007d5800000)
  object space 844288K, 65% used [0x0000000780800000,0x00000007a22d4e40,0x00000007b4080000)
 PSPermGen       total 21504K, used 8526K [0x000000077b600000, 0x000000077cb00000, 0x0000000780800000)
  object space 21504K, 39% used [0x000000077b600000,0x000000077be53b08,0x000000077cb00000)
}
Event: 10.992 GC heap before
{Heap before GC invocations=18 (full 4):
 PSYoungGen      total 441344K, used 431020K [0x00000007d5800000, 0x0000000800000000, 0x0000000800000000)
  eden space 321536K, 96% used [0x00000007d5800000,0x00000007e883e970,0x00000007e9200000)
  from space 119808K, 99% used [0x00000007e9200000,0x00000007f06ac6b0,0x00000007f0700000)
  to   space 195072K, 0% used [0x00000007f4180000,0x00000007f4180000,0x0000000800000000)
 ParOldGen       total 844288K, used 551763K [0x0000000780800000, 0x00000007b4080000, 0x00000007d5800000)
  object space 844288K, 65% used [0x0000000780800000,0x00000007a22d4e40,0x00000007b4080000)
 PSPermGen       total 21504K, used 8526K [0x000000077b600000, 0x000000077cb00000, 0x0000000780800000)
  object space 21504K, 39% used [0x000000077b600000,0x000000077be53b08,0x000000077cb00000)
Event: 11.176 GC heap after
Heap after GC invocations=18 (full 4):
 PSYoungGen      total 427520K, used 195058K [0x00000007d5800000, 0x0000000800000000, 0x0000000800000000)
  eden space 232448K, 0% used [0x00000007d5800000,0x00000007d5800000,0x00000007e3b00000)
  from space 195072K, 99% used [0x00000007f4180000,0x00000007ffffc8c0,0x0000000800000000)
  to   space 231936K, 0% used [0x00000007e3b00000,0x00000007e3b00000,0x00000007f1d80000)
 ParOldGen       total 844288K, used 614502K [0x0000000780800000, 0x00000007b4080000, 0x00000007d5800000)
  object space 844288K, 72% used [0x0000000780800000,0x00000007a6019838,0x00000007b4080000)
 PSPermGen       total 21504K, used 8526K [0x000000077b600000, 0x000000077cb00000, 0x0000000780800000)
  object space 21504K, 39% used [0x000000077b600000,0x000000077be53b08,0x000000077cb00000)
}
Event: 11.374 GC heap before
{Heap before GC invocations=19 (full 4):
 PSYoungGen      total 427520K, used 427506K [0x00000007d5800000, 0x0000000800000000, 0x0000000800000000)
  eden space 232448K, 100% used [0x00000007d5800000,0x00000007e3b00000,0x00000007e3b00000)
  from space 195072K, 99% used [0x00000007f4180000,0x00000007ffffc8c0,0x0000000800000000)
  to   space 231936K, 0% used [0x00000007e3b00000,0x00000007e3b00000,0x00000007f1d80000)
 ParOldGen       total 844288K, used 614502K [0x0000000780800000, 0x00000007b4080000, 0x00000007d5800000)
  object space 844288K, 72% used [0x0000000780800000,0x00000007a6019838,0x00000007b4080000)
 PSPermGen       total 21504K, used 8526K [0x000000077b600000, 0x000000077cb00000, 0x0000000780800000)
  object space 21504K, 39% used [0x000000077b600000,0x000000077be53b08,0x000000077cb00000)
Event: 11.479 GC heap after
Heap after GC invocations=19 (full 4):
 PSYoungGen      total 464384K, used 195296K [0x00000007d5800000, 0x0000000800000000, 0x0000000800000000)
  eden space 232448K, 0% used [0x00000007d5800000,0x00000007d5800000,0x00000007e3b00000)
  from space 231936K, 84% used [0x00000007e3b00000,0x00000007ef9b8240,0x00000007f1d80000)
  to   space 231936K, 0% used [0x00000007f1d80000,0x00000007f1d80000,0x0000000800000000)
 ParOldGen       total 844288K, used 614502K [0x0000000780800000, 0x00000007b4080000, 0x00000007d5800000)
  object space 844288K, 72% used [0x0000000780800000,0x00000007a6019838,0x00000007b4080000)
 PSPermGen       total 21504K, used 8526K [0x000000077b600000, 0x000000077cb00000, 0x0000000780800000)
  object space 21504K, 39% used [0x000000077b600000,0x000000077be53b08,0x000000077cb00000)
}
Event: 11.733 GC heap before
{Heap before GC invocations=20 (full 4):
 PSYoungGen      total 464384K, used 427744K [0x00000007d5800000, 0x0000000800000000, 0x0000000800000000)
  eden space 232448K, 100% used [0x00000007d5800000,0x00000007e3b00000,0x00000007e3b00000)
  from space 231936K, 84% used [0x00000007e3b00000,0x00000007ef9b8240,0x00000007f1d80000)
  to   space 231936K, 0% used [0x00000007f1d80000,0x00000007f1d80000,0x0000000800000000)
 ParOldGen       total 844288K, used 614502K [0x0000000780800000, 0x00000007b4080000, 0x00000007d5800000)
  object space 844288K, 72% used [0x0000000780800000,0x00000007a6019838,0x00000007b4080000)
 PSPermGen       total 21504K, used 8526K [0x000000077b600000, 0x000000077cb00000, 0x0000000780800000)
  object space 21504K, 39% used [0x000000077b600000,0x000000077be53b08,0x000000077cb00000)
Event: 11.887 GC heap after
Heap after GC invocations=20 (full 4):
 PSYoungGen      total 464384K, used 182640K [0x00000007d5800000, 0x0000000800000000, 0x0000000800000000)
  eden space 232448K, 0% used [0x00000007d5800000,0x00000007d5800000,0x00000007e3b00000)
  from space 231936K, 78% used [0x00000007f1d80000,0x00000007fcfdc3f8,0x0000000800000000)
  to   space 231936K, 0% used [0x00000007e3b00000,0x00000007e3b00000,0x00000007f1d80000)
 ParOldGen       total 844288K, used 689504K [0x0000000780800000, 0x00000007b4080000, 0x00000007d5800000)
  object space 844288K, 81% used [0x0000000780800000,0x00000007aa9582c0,0x00000007b4080000)
 PSPermGen       total 21504K, used 8526K [0x000000077b600000, 0x000000077cb00000, 0x0000000780800000)
  object space 21504K, 39% used [0x000000077b600000,0x000000077be53b08,0x000000077cb00000)
}
Event: 12.110 GC heap before
{Heap before GC invocations=21 (full 4):
 PSYoungGen      total 464384K, used 389162K [0x00000007d5800000, 0x0000000800000000, 0x0000000800000000)
  eden space 232448K, 88% used [0x00000007d5800000,0x00000007e21ae468,0x00000007e3b00000)
  from space 231936K, 78% used [0x00000007f1d80000,0x00000007fcfdc3f8,0x0000000800000000)
  to   space 231936K, 0% used [0x00000007e3b00000,0x00000007e3b00000,0x00000007f1d80000)
 ParOldGen       total 844288K, used 689504K [0x0000000780800000, 0x00000007b4080000, 0x00000007d5800000)
  object space 844288K, 81% used [0x0000000780800000,0x00000007aa9582c0,0x00000007b4080000)
 PSPermGen       total 21504K, used 8526K [0x000000077b600000, 0x000000077cb00000, 0x0000000780800000)
  object space 21504K, 39% used [0x000000077b600000,0x000000077be53b08,0x000000077cb00000)
Event: 12.390 GC heap after
Heap after GC invocations=21 (full 4):
 PSYoungGen      total 464384K, used 54880K [0x00000007d5800000, 0x0000000800000000, 0x0000000800000000)
  eden space 232448K, 0% used [0x00000007d5800000,0x00000007d5800000,0x00000007e3b00000)
  from space 231936K, 23% used [0x00000007e3b00000,0x00000007e7098000,0x00000007f1d80000)
  to   space 231936K, 0% used [0x00000007f1d80000,0x00000007f1d80000,0x0000000800000000)
 ParOldGen       total 872960K, used 872808K [0x0000000780800000, 0x00000007b5c80000, 0x00000007d5800000)
  object space 872960K, 99% used [0x0000000780800000,0x00000007b5c5a148,0x00000007b5c80000)
 PSPermGen       total 21504K, used 8526K [0x000000077b600000, 0x000000077cb00000, 0x0000000780800000)
  object space 21504K, 39% used [0x000000077b600000,0x000000077be53b08,0x000000077cb00000)
}
Event: 12.390 GC heap before
{Heap before GC invocations=22 (full 5):
 PSYoungGen      total 464384K, used 54880K [0x00000007d5800000, 0x0000000800000000, 0x0000000800000000)
  eden space 232448K, 0% used [0x00000007d5800000,0x00000007d5800000,0x00000007e3b00000)
  from space 231936K, 23% used [0x00000007e3b00000,0x00000007e7098000,0x00000007f1d80000)
  to   space 231936K, 0% used [0x00000007f1d80000,0x00000007f1d80000,0x0000000800000000)
 ParOldGen       total 872960K, used 872808K [0x0000000780800000, 0x00000007b5c80000, 0x00000007d5800000)
  object space 872960K, 99% used [0x0000000780800000,0x00000007b5c5a148,0x00000007b5c80000)
 PSPermGen       total 21504K, used 8526K [0x000000077b600000, 0x000000077cb00000, 0x0000000780800000)
  object space 21504K, 39% used [0x000000077b600000,0x000000077be53b08,0x000000077cb00000)

Deoptimization events (10 events):
Event: 2.772 Thread 0x000000000278d800 Uncommon trap: reason=unloaded action=reinterpret pc=0x000000000296e374 method=sun.misc.FloatingDecimal.doubleValue()D @ 848
Event: 3.236 Thread 0x000000000278d800 Uncommon trap: reason=unreached action=reinterpret pc=0x0000000002989678 method=java.util.AbstractList.equals(Ljava/lang/Object;)Z @ 2
Event: 3.431 Thread 0x000000000278d800 Uncommon trap: reason=class_check action=maybe_recompile pc=0x00000000029f27b8 method=java.util.HashMap.put(Ljava/lang/Object;Ljava/lang/Object;)Ljava/lang/Object; @ 137
Event: 3.431 Thread 0x000000000278d800 Uncommon trap: reason=class_check action=maybe_recompile pc=0x0000000002a0322c method=java.util.HashMap.addEntry(ILjava/lang/Object;Ljava/lang/Object;I)V @ 65
Event: 3.431 Thread 0x000000000278d800 Uncommon trap: reason=class_check action=maybe_recompile pc=0x00000000029f27b8 method=java.util.HashMap.put(Ljava/lang/Object;Ljava/lang/Object;)Ljava/lang/Object; @ 137
Event: 3.431 Thread 0x000000000278d800 Uncommon trap: reason=class_check action=maybe_recompile pc=0x0000000002a0322c method=java.util.HashMap.addEntry(ILjava/lang/Object;Ljava/lang/Object;I)V @ 65
Event: 3.431 Thread 0x000000000278d800 Uncommon trap: reason=class_check action=maybe_recompile pc=0x00000000029f27b8 method=java.util.HashMap.put(Ljava/lang/Object;Ljava/lang/Object;)Ljava/lang/Object; @ 137
Event: 3.431 Thread 0x000000000278d800 Uncommon trap: reason=class_check action=maybe_recompile pc=0x0000000002a0322c method=java.util.HashMap.addEntry(ILjava/lang/Object;Ljava/lang/Object;I)V @ 65
Event: 3.799 Thread 0x000000000278d800 Uncommon trap: reason=class_check action=maybe_recompile pc=0x00000000029f27b8 method=java.util.HashMap.put(Ljava/lang/Object;Ljava/lang/Object;)Ljava/lang/Object; @ 137
Event: 3.799 Thread 0x000000000278d800 Uncommon trap: reason=class_check action=maybe_recompile pc=0x0000000002a0322c method=java.util.HashMap.addEntry(ILjava/lang/Object;Ljava/lang/Object;I)V @ 65

Internal exceptions (10 events):
Event: 3.446 Thread 0x000000000278d800 Threw 0x00000007d70a97b0 at C:\re\jdk7u51\527\hotspot\src\share\vm\prims\jvm.cpp:1244
Event: 3.795 Thread 0x000000000278d800 Threw 0x00000007d70afa78 at C:\re\jdk7u51\527\hotspot\src\share\vm\prims\jvm.cpp:1244
Event: 3.795 Thread 0x000000000278d800 Threw 0x00000007d70b2240 at C:\re\jdk7u51\527\hotspot\src\share\vm\prims\jvm.cpp:1244
Event: 3.796 Thread 0x000000000278d800 Threw 0x00000007d70bb130 at C:\re\jdk7u51\527\hotspot\src\share\vm\prims\jvm.cpp:1244
Event: 3.797 Thread 0x000000000278d800 Threw 0x00000007d70bd1a8 at C:\re\jdk7u51\527\hotspot\src\share\vm\prims\jvm.cpp:1244
Event: 3.797 Thread 0x000000000278d800 Threw 0x00000007d70bf5b8 at C:\re\jdk7u51\527\hotspot\src\share\vm\prims\jvm.cpp:1244
Event: 3.798 Thread 0x000000000278d800 Threw 0x00000007d70c1730 at C:\re\jdk7u51\527\hotspot\src\share\vm\prims\jvm.cpp:1244
Event: 3.798 Thread 0x000000000278d800 Threw 0x00000007d70c60e8 at C:\re\jdk7u51\527\hotspot\src\share\vm\interpreter\interpreterRuntime.cpp:347
Event: 3.799 Thread 0x000000000278d800 Threw 0x00000007d70c8808 at C:\re\jdk7u51\527\hotspot\src\share\vm\prims\jvm.cpp:1244
Event: 3.799 Thread 0x000000000278d800 Threw 0x00000007d70caea0 at C:\re\jdk7u51\527\hotspot\src\share\vm\prims\jvm.cpp:1244

Events (10 events):
Event: 10.287 Executing VM operation: ParallelGCFailedAllocation done
Event: 10.614 Executing VM operation: ParallelGCFailedAllocation
Event: 10.701 Executing VM operation: ParallelGCFailedAllocation done
Event: 10.992 Executing VM operation: ParallelGCFailedAllocation
Event: 11.176 Executing VM operation: ParallelGCFailedAllocation done
Event: 11.374 Executing VM operation: ParallelGCFailedAllocation
Event: 11.479 Executing VM operation: ParallelGCFailedAllocation done
Event: 11.733 Executing VM operation: ParallelGCFailedAllocation
Event: 11.887 Executing VM operation: ParallelGCFailedAllocation done
Event: 12.110 Executing VM operation: ParallelGCFailedAllocation


Dynamic libraries:
0x00007ff6057e0000 - 0x00007ff605813000 	C:\Program Files\Java\jre7\bin\javaw.exe
0x00007ffca7140000 - 0x00007ffca72ea000 	C:\Windows\SYSTEM32\ntdll.dll
0x00007ffca5a50000 - 0x00007ffca5b8a000 	C:\Windows\system32\KERNEL32.DLL
0x00007ffca4580000 - 0x00007ffca468f000 	C:\Windows\system32\KERNELBASE.dll
0x00007ffca30c0000 - 0x00007ffca3148000 	C:\Windows\system32\apphelp.dll
0x00007ffca0d20000 - 0x00007ffca0d6f000 	C:\Windows\AppPatch\AppPatch64\AcGenral.DLL
0x00007ffca56f0000 - 0x00007ffca5797000 	C:\Windows\system32\msvcrt.dll
0x00007ffca42e0000 - 0x00007ffca430b000 	C:\Windows\SYSTEM32\SspiCli.dll
0x00007ffca5440000 - 0x00007ffca5491000 	C:\Windows\system32\SHLWAPI.dll
0x00007ffca4a30000 - 0x00007ffca4ba1000 	C:\Windows\system32\USER32.dll
0x00007ffca54a0000 - 0x00007ffca5618000 	C:\Windows\system32\ole32.dll
0x00007ffca5d20000 - 0x00007ffca7136000 	C:\Windows\system32\SHELL32.dll
0x00007ffca3ec0000 - 0x00007ffca3ede000 	C:\Windows\SYSTEM32\USERENV.dll
0x00007ffca51b0000 - 0x00007ffca5255000 	C:\Windows\system32\ADVAPI32.dll
0x00007ffc9d810000 - 0x00007ffc9d82b000 	C:\Windows\SYSTEM32\MPR.dll
0x00007ffca5260000 - 0x00007ffca5396000 	C:\Windows\system32\RPCRT4.dll
0x00007ffca5000000 - 0x00007ffca5057000 	C:\Windows\SYSTEM32\sechost.dll
0x00007ffca57b0000 - 0x00007ffca5986000 	C:\Windows\SYSTEM32\combase.dll
0x00007ffca5060000 - 0x00007ffca51a5000 	C:\Windows\system32\GDI32.dll
0x00007ffca44b0000 - 0x00007ffca44c4000 	C:\Windows\SYSTEM32\profapi.dll
0x00007ffca2b50000 - 0x00007ffca2bef000 	C:\Windows\SYSTEM32\SHCORE.dll
0x00007ffca5ce0000 - 0x00007ffca5d14000 	C:\Windows\system32\IMM32.DLL
0x00007ffca5b90000 - 0x00007ffca5cc9000 	C:\Windows\system32\MSCTF.dll
0x00007ffca2520000 - 0x00007ffca277a000 	C:\Windows\WinSxS\amd64_microsoft.windows.common-controls_6595b64144ccf1df_6.0.9600.17031_none_6242a4b3ecbb55a1\COMCTL32.dll
0x000000005f8a0000 - 0x000000005f972000 	C:\Program Files\Java\jre7\bin\msvcr100.dll
0x000000005f0d0000 - 0x000000005f899000 	C:\Program Files\Java\jre7\bin\server\jvm.dll
0x00007ffc95a30000 - 0x00007ffc95a39000 	C:\Windows\SYSTEM32\WSOCK32.dll
0x00007ffc96530000 - 0x00007ffc9654f000 	C:\Windows\SYSTEM32\WINMM.dll
0x00007ffca57a0000 - 0x00007ffca57a7000 	C:\Windows\system32\PSAPI.DLL
0x00007ffca49c0000 - 0x00007ffca4a18000 	C:\Windows\system32\WS2_32.dll
0x00007ffc96500000 - 0x00007ffc9652a000 	C:\Windows\SYSTEM32\WINMMBASE.dll
0x00007ffca5cd0000 - 0x00007ffca5cd9000 	C:\Windows\system32\NSI.dll
0x00007ffca4920000 - 0x00007ffca496a000 	C:\Windows\SYSTEM32\cfgmgr32.dll
0x00007ffca3330000 - 0x00007ffca3356000 	C:\Windows\SYSTEM32\DEVOBJ.dll
0x000000005f0c0000 - 0x000000005f0cf000 	C:\Program Files\Java\jre7\bin\verify.dll
0x000000005f090000 - 0x000000005f0b8000 	C:\Program Files\Java\jre7\bin\java.dll
0x000000005f070000 - 0x000000005f085000 	C:\Program Files\Java\jre7\bin\zip.dll
0x000000005f050000 - 0x000000005f069000 	C:\Program Files\Java\jre7\bin\net.dll
0x00007ffca3d50000 - 0x00007ffca3da8000 	C:\Windows\system32\mswsock.dll
0x000000005f030000 - 0x000000005f041000 	C:\Program Files\Java\jre7\bin\nio.dll
0x00007ffc8f970000 - 0x00007ffc8faf8000 	C:\Windows\SYSTEM32\dbghelp.dll

VM Arguments:
jvm_args: -Dfile.encoding=Cp1252 
java_command: paperIII.tickerRegressionOverviewGenerator
Launcher Type: SUN_STANDARD

Environment Variables:
PATH=C:\Windows\system32;C:\Windows;C:\Windows\System32\Wbem;C:\Windows\System32\WindowsPowerShell\v1.0\;C:\Program Files (x86)\ATI Technologies\ATI.ACE\Core-Static;C:\Program Files (x86)\Windows Kits\8.1\Windows Performance Toolkit\;C:\Program Files\Microsoft SQL Server\110\Tools\Binn\;C:\Program Files\Microsoft\Web Platform Installer\;C:\Program Files\Microsoft SQL Server\Client SDK\ODBC\110\Tools\Binn\;C:\Program Files (x86)\Microsoft SQL Server\120\Tools\Binn\;C:\Program Files\Microsoft SQL Server\120\Tools\Binn\;C:\Program Files\Microsoft SQL Server\120\DTS\Binn\;C:\Program Files (x86)\EcoWin\
USERNAME=Lars
OS=Windows_NT
PROCESSOR_IDENTIFIER=AMD64 Family 21 Model 1 Stepping 2, AuthenticAMD



---------------  S Y S T E M  ---------------

OS: Windows 8 , 64 bit Build 9200 

CPU:total 4 (4 cores per cpu, 1 threads per core) family 21 model 1 stepping 2, cmov, cx8, fxsr, mmx, sse, sse2, sse3, ssse3, sse4.1, sse4.2, popcnt, avx, aes, mmxext, 3dnowpref, lzcnt, sse4a, tsc, tscinvbit, tscinv

Memory: 4k page, physical 8355584k(3979140k free), swap 16744192k(11425624k free)

vm_info: Java HotSpot(TM) 64-Bit Server VM (24.51-b03) for windows-amd64 JRE (1.7.0_51-b13), built on Dec 18 2013 18:40:56 by "java_re" with unknown MS VC++:1600

time: Sun May 25 16:14:32 2014
elapsed time: 12 seconds

