#
# A fatal error has been detected by the Java Runtime Environment:
#
#  EXCEPTION_ACCESS_VIOLATION (0xc0000005) at pc=0x00000000627ddfd1, pid=2892, tid=5304
#
# JRE version: Java(TM) SE Runtime Environment (7.0_51-b13) (build 1.7.0_51-b13)
# Java VM: Java HotSpot(TM) 64-Bit Server VM (24.51-b03 mixed mode windows-amd64 compressed oops)
# Problematic frame:
# V  [jvm.dll+0xedfd1]
#
# Failed to write core dump. Minidumps are not enabled by default on client versions of Windows
#
# If you would like to submit a bug report, please visit:
#   http://bugreport.sun.com/bugreport/crash.jsp
#

---------------  T H R E A D  ---------------

Current thread (0x0000000002a17800):  GCTaskThread [stack: 0x00000000062a0000,0x00000000063a0000] [id=5304]

siginfo: ExceptionCode=0xc0000005, reading address 0xffffffffffffffff

Registers:
RAX=0x000000077b6205a8, RBX=0x00000007b3f7afc8, RCX=0x000000077b620638, RDX=0x00000007b3f7afc8
RSP=0x000000000639f940, RBP=0x00000007b3f7afbc, RSI=0x000000000adbfeb0, RDI=0x000000000adbfeb0
R8 =0x0000000000000000, R9 =0x0000000000000003, R10=0x0000000000000000, R11=0x000000000000000c
R12=0x00000007b3f7afc0, R13=0x000000077b60abc0, R14=0x000000077b60abc8, R15=0x00000007b3f7afb0
RIP=0x00000000627ddfd1, EFLAGS=0x0000000000010246

Top of Stack: (sp=0x000000000639f940)
0x000000000639f940:   000000077b60a960 00000007b3f7af8c
0x000000000639f950:   0000000000000003 00000000628c3712
0x000000000639f960:   0000000000000000 00000000000083b0
0x000000000639f970:   000000000ceca3a8 0000000002a17380
0x000000000639f980:   0000000000000805 0000000062a8277c
0x000000000639f990:   000000000b480070 00000007b3f7afb0
0x000000000639f9a0:   000000000adbfeb0 000000000cec3c50
0x000000000639f9b0:   00001be400000560 0000000000000c00
0x000000000639f9c0:   0000000000000000 0000000000000000
0x000000000639f9d0:   000000077bd1e800 00000000028ed800
0x000000000639f9e0:   0000000002a17f01 000000000ceca3a8
0x000000000639f9f0:   0000000002a17fe0 00000000000083b0
0x000000000639fa00:   000000000cec3c50 0000000002a17380
0x000000000639fa10:   000000000cec23c0 000000000ad955f0
0x000000000639fa20:   000000000adbfeb0 0000000062a7fa6e
0x000000000639fa30:   00001be300000560 00001be400000560 

Instructions: (pc=0x00000000627ddfd1)
0x00000000627ddfb1:   ce 61 00 48 ff c8 4c 8d 04 10 48 f7 d0 49 c1 e8
0x00000000627ddfc1:   03 48 c1 e8 03 44 23 c0 eb 0f 48 8b 01 48 8b d3
0x00000000627ddfd1:   ff 90 a8 00 00 00 44 8b c0 49 63 f0 48 8d 0d 6c
0x00000000627ddfe1:   5b 66 00 48 8b d3 4c 8b c6 e8 21 10 2a 00 84 c0 


Register to memory mapping:

RAX=0x000000077b6205a8 is an oop
{constMethod} 
 - klass: {other class}
 - constants:       0x000000077b61f620 constant pool [340] for 'java/lang/Throwable' cache=0x000000077b69fc48
RBX=
[error occurred during error reporting (printing register info), id 0xc0000005]

Stack: [0x00000000062a0000,0x00000000063a0000],  sp=0x000000000639f940,  free space=1022k
Native frames: (J=compiled Java code, j=interpreted, Vv=VM code, C=native code)
V  [jvm.dll+0xedfd1]


---------------  P R O C E S S  ---------------

Java Threads: ( => current thread )
  0x000000000aeb6000 JavaThread "Service Thread" daemon [_thread_blocked, id=1088, stack(0x000000000c620000,0x000000000c720000)]
  0x000000000aeaf000 JavaThread "C2 CompilerThread1" daemon [_thread_blocked, id=1820, stack(0x000000000c520000,0x000000000c620000)]
  0x000000000aea3800 JavaThread "C2 CompilerThread0" daemon [_thread_blocked, id=5816, stack(0x000000000c420000,0x000000000c520000)]
  0x000000000aea2800 JavaThread "Attach Listener" daemon [_thread_blocked, id=6112, stack(0x000000000c320000,0x000000000c420000)]
  0x000000000ae9f800 JavaThread "Signal Dispatcher" daemon [_thread_blocked, id=4008, stack(0x000000000c220000,0x000000000c320000)]
  0x000000000ae6d000 JavaThread "Finalizer" daemon [_thread_blocked, id=4652, stack(0x000000000c120000,0x000000000c220000)]
  0x000000000ae63000 JavaThread "Reference Handler" daemon [_thread_blocked, id=2124, stack(0x000000000c020000,0x000000000c120000)]
  0x00000000028ed800 JavaThread "main" [_thread_blocked, id=2144, stack(0x00000000028f0000,0x00000000029f0000)]

Other Threads:
  0x000000000ae62000 VMThread [stack: 0x000000000bf20000,0x000000000c020000] [id=3568]
  0x000000000aecf800 WatcherThread [stack: 0x000000000c720000,0x000000000c820000] [id=5248]

=>0x0000000002a17800 (exited) GCTaskThread [stack: 0x00000000062a0000,0x00000000063a0000] [id=5304]

VM state:at safepoint (normal execution)

VM Mutex/Monitor currently owned by a thread:  ([mutex/lock_event])
[0x00000000028ecf80] Threads_lock - owner thread: 0x000000000ae62000
[0x00000000028eca00] Heap_lock - owner thread: 0x00000000028ed800

Heap
 PSYoungGen      total 459264K, used 138891K [0x00000007d5800000, 0x0000000800000000, 0x0000000800000000)
  eden space 232448K, 0% used [0x00000007d5800000,0x00000007d5800000,0x00000007e3b00000)
  from space 226816K, 61% used [0x00000007f2280000,0x00000007faa22e18,0x0000000800000000)
  to   space 231936K, 0% used [0x00000007e3b00000,0x00000007e3b00000,0x00000007f1d80000)
 ParOldGen       total 873472K, used 857835K [0x0000000780800000, 0x00000007b5d00000, 0x00000007d5800000)
  object space 873472K, 98% used [0x0000000780800000,0x00000007b4dbac48,0x00000007b5d00000)
 PSPermGen       total 21504K, used 8537K [0x000000077b600000, 0x000000077cb00000, 0x0000000780800000)
  object space 21504K, 39% used [0x000000077b600000,0x000000077be56698,0x000000077cb00000)

Card table byte_map: [0x0000000005bc0000,0x0000000005ff0000] byte_map_base: 0x0000000001fe5000

Polling page: 0x00000000010e0000

Code Cache  [0x0000000002b00000, 0x0000000002d70000, 0x0000000005b00000)
 total_blobs=859 nmethods=576 adapters=236 free_code_cache=47328Kb largest_free_block=48399616

Compilation events (10 events):
Event: 7.203 Thread 0x000000000aeaf000  589             java.util.ArrayList::<init> (12 bytes)
Event: 7.204 Thread 0x000000000aeaf000 nmethod 589 0x0000000002ccaf90 code [0x0000000002ccb0c0, 0x0000000002ccb138]
Event: 8.555 Thread 0x000000000aea3800  590             preProcessing.PosTaggedWords::<init> (5 bytes)
Event: 8.555 Thread 0x000000000aea3800 nmethod 590 0x0000000002cd1b90 code [0x0000000002cd1cc0, 0x0000000002cd1d18]
Event: 8.557 Thread 0x000000000aeaf000  591   !         sun.reflect.GeneratedConstructorAccessor17::newInstance (49 bytes)
Event: 8.557 Thread 0x000000000aeaf000 nmethod 591 0x0000000002cc6710 code [0x0000000002cc6860, 0x0000000002cc6958]
Event: 9.849 Thread 0x000000000aea3800  592             com.google.gson.internal.bind.CollectionTypeAdapterFactory$Adapter::read (6 bytes)
Event: 9.849 Thread 0x000000000aea3800 nmethod 592 0x0000000002cd1910 code [0x0000000002cd1a60, 0x0000000002cd1ae8]
Event: 10.105 Thread 0x000000000aeaf000  593   !         sun.reflect.GeneratedConstructorAccessor18::newInstance (49 bytes)
Event: 10.106 Thread 0x000000000aeaf000 nmethod 593 0x0000000002cc6350 code [0x0000000002cc64c0, 0x0000000002cc65e8]

GC Heap History (10 events):
Event: 10.272 GC heap after
Heap after GC invocations=18 (full 3):
 PSYoungGen      total 526336K, used 169968K [0x00000007d5800000, 0x0000000800000000, 0x0000000800000000)
  eden space 356352K, 0% used [0x00000007d5800000,0x00000007d5800000,0x00000007eb400000)
  from space 169984K, 99% used [0x00000007eb400000,0x00000007f59fc360,0x00000007f5a00000)
  to   space 169984K, 0% used [0x00000007f5a00000,0x00000007f5a00000,0x0000000800000000)
 ParOldGen       total 631808K, used 535496K [0x0000000780800000, 0x00000007a7100000, 0x00000007d5800000)
  object space 631808K, 84% used [0x0000000780800000,0x00000007a12f23e0,0x00000007a7100000)
 PSPermGen       total 21504K, used 8537K [0x000000077b600000, 0x000000077cb00000, 0x0000000780800000)
  object space 21504K, 39% used [0x000000077b600000,0x000000077be56698,0x000000077cb00000)
}
Event: 10.272 GC heap before
{Heap before GC invocations=19 (full 4):
 PSYoungGen      total 526336K, used 169968K [0x00000007d5800000, 0x0000000800000000, 0x0000000800000000)
  eden space 356352K, 0% used [0x00000007d5800000,0x00000007d5800000,0x00000007eb400000)
  from space 169984K, 99% used [0x00000007eb400000,0x00000007f59fc360,0x00000007f5a00000)
  to   space 169984K, 0% used [0x00000007f5a00000,0x00000007f5a00000,0x0000000800000000)
 ParOldGen       total 631808K, used 535496K [0x0000000780800000, 0x00000007a7100000, 0x00000007d5800000)
  object space 631808K, 84% used [0x0000000780800000,0x00000007a12f23e0,0x00000007a7100000)
 PSPermGen       total 21504K, used 8537K [0x000000077b600000, 0x000000077cb00000, 0x0000000780800000)
  object space 21504K, 39% used [0x000000077b600000,0x000000077be56698,0x000000077cb00000)
Event: 12.895 GC heap after
Heap after GC invocations=19 (full 4):
 PSYoungGen      total 526336K, used 120129K [0x00000007d5800000, 0x0000000800000000, 0x0000000800000000)
  eden space 356352K, 0% used [0x00000007d5800000,0x00000007d5800000,0x00000007eb400000)
  from space 169984K, 70% used [0x00000007eb400000,0x00000007f29506d8,0x00000007f5a00000)
  to   space 169984K, 0% used [0x00000007f5a00000,0x00000007f5a00000,0x0000000800000000)
 ParOldGen       total 873472K, used 583857K [0x0000000780800000, 0x00000007b5d00000, 0x00000007d5800000)
  object space 873472K, 66% used [0x0000000780800000,0x00000007a422c660,0x00000007b5d00000)
 PSPermGen       total 21504K, used 8537K [0x000000077b600000, 0x000000077cb00000, 0x0000000780800000)
  object space 21504K, 39% used [0x000000077b600000,0x000000077be56698,0x000000077cb00000)
}
Event: 13.316 GC heap before
{Heap before GC invocations=20 (full 4):
 PSYoungGen      total 526336K, used 476481K [0x00000007d5800000, 0x0000000800000000, 0x0000000800000000)
  eden space 356352K, 100% used [0x00000007d5800000,0x00000007eb400000,0x00000007eb400000)
  from space 169984K, 70% used [0x00000007eb400000,0x00000007f29506d8,0x00000007f5a00000)
  to   space 169984K, 0% used [0x00000007f5a00000,0x00000007f5a00000,0x0000000800000000)
 ParOldGen       total 873472K, used 583857K [0x0000000780800000, 0x00000007b5d00000, 0x00000007d5800000)
  object space 873472K, 66% used [0x0000000780800000,0x00000007a422c660,0x00000007b5d00000)
 PSPermGen       total 21504K, used 8537K [0x000000077b600000, 0x000000077cb00000, 0x0000000780800000)
  object space 21504K, 39% used [0x000000077b600000,0x000000077be56698,0x000000077cb00000)
Event: 13.579 GC heap after
Heap after GC invocations=20 (full 4):
 PSYoungGen      total 440320K, used 95360K [0x00000007d5800000, 0x0000000800000000, 0x0000000800000000)
  eden space 270336K, 0% used [0x00000007d5800000,0x00000007d5800000,0x00000007e6000000)
  from space 169984K, 56% used [0x00000007f5a00000,0x00000007fb720000,0x0000000800000000)
  to   space 212992K, 0% used [0x00000007e6000000,0x00000007e6000000,0x00000007f3000000)
 ParOldGen       total 873472K, used 704358K [0x0000000780800000, 0x00000007b5d00000, 0x00000007d5800000)
  object space 873472K, 80% used [0x0000000780800000,0x00000007ab7d9a20,0x00000007b5d00000)
 PSPermGen       total 21504K, used 8537K [0x000000077b600000, 0x000000077cb00000, 0x0000000780800000)
  object space 21504K, 39% used [0x000000077b600000,0x000000077be56698,0x000000077cb00000)
}
Event: 13.935 GC heap before
{Heap before GC invocations=21 (full 4):
 PSYoungGen      total 440320K, used 358820K [0x00000007d5800000, 0x0000000800000000, 0x0000000800000000)
  eden space 270336K, 97% used [0x00000007d5800000,0x00000007e59492c0,0x00000007e6000000)
  from space 169984K, 56% used [0x00000007f5a00000,0x00000007fb720000,0x0000000800000000)
  to   space 212992K, 0% used [0x00000007e6000000,0x00000007e6000000,0x00000007f3000000)
 ParOldGen       total 873472K, used 704358K [0x0000000780800000, 0x00000007b5d00000, 0x00000007d5800000)
  object space 873472K, 80% used [0x0000000780800000,0x00000007ab7d9a20,0x00000007b5d00000)
 PSPermGen       total 21504K, used 8537K [0x000000077b600000, 0x000000077cb00000, 0x0000000780800000)
  object space 21504K, 39% used [0x000000077b600000,0x000000077be56698,0x000000077cb00000)
Event: 14.093 GC heap after
Heap after GC invocations=21 (full 4):
 PSYoungGen      total 469504K, used 198830K [0x00000007d5800000, 0x0000000800000000, 0x0000000800000000)
  eden space 270336K, 0% used [0x00000007d5800000,0x00000007d5800000,0x00000007e6000000)
  from space 199168K, 99% used [0x00000007e6000000,0x00000007f222ba10,0x00000007f2280000)
  to   space 226816K, 0% used [0x00000007f2280000,0x00000007f2280000,0x0000000800000000)
 ParOldGen       total 873472K, used 704358K [0x0000000780800000, 0x00000007b5d00000, 0x00000007d5800000)
  object space 873472K, 80% used [0x0000000780800000,0x00000007ab7d9a20,0x00000007b5d00000)
 PSPermGen       total 21504K, used 8537K [0x000000077b600000, 0x000000077cb00000, 0x0000000780800000)
  object space 21504K, 39% used [0x000000077b600000,0x000000077be56698,0x000000077cb00000)
}
Event: 14.293 GC heap before
{Heap before GC invocations=22 (full 4):
 PSYoungGen      total 469504K, used 434215K [0x00000007d5800000, 0x0000000800000000, 0x0000000800000000)
  eden space 270336K, 87% used [0x00000007d5800000,0x00000007e3dde378,0x00000007e6000000)
  from space 199168K, 99% used [0x00000007e6000000,0x00000007f222ba10,0x00000007f2280000)
  to   space 226816K, 0% used [0x00000007f2280000,0x00000007f2280000,0x0000000800000000)
 ParOldGen       total 873472K, used 704358K [0x0000000780800000, 0x00000007b5d00000, 0x00000007d5800000)
  object space 873472K, 80% used [0x0000000780800000,0x00000007ab7d9a20,0x00000007b5d00000)
 PSPermGen       total 21504K, used 8537K [0x000000077b600000, 0x000000077cb00000, 0x0000000780800000)
  object space 21504K, 39% used [0x000000077b600000,0x000000077be56698,0x000000077cb00000)
Event: 14.581 GC heap after
Heap after GC invocations=22 (full 4):
 PSYoungGen      total 459264K, used 138891K [0x00000007d5800000, 0x0000000800000000, 0x0000000800000000)
  eden space 232448K, 0% used [0x00000007d5800000,0x00000007d5800000,0x00000007e3b00000)
  from space 226816K, 61% used [0x00000007f2280000,0x00000007faa22e18,0x0000000800000000)
  to   space 231936K, 0% used [0x00000007e3b00000,0x00000007e3b00000,0x00000007f1d80000)
 ParOldGen       total 873472K, used 857835K [0x0000000780800000, 0x00000007b5d00000, 0x00000007d5800000)
  object space 873472K, 98% used [0x0000000780800000,0x00000007b4dbac48,0x00000007b5d00000)
 PSPermGen       total 21504K, used 8537K [0x000000077b600000, 0x000000077cb00000, 0x0000000780800000)
  object space 21504K, 39% used [0x000000077b600000,0x000000077be56698,0x000000077cb00000)
}
Event: 14.581 GC heap before
{Heap before GC invocations=23 (full 5):
 PSYoungGen      total 459264K, used 138891K [0x00000007d5800000, 0x0000000800000000, 0x0000000800000000)
  eden space 232448K, 0% used [0x00000007d5800000,0x00000007d5800000,0x00000007e3b00000)
  from space 226816K, 61% used [0x00000007f2280000,0x00000007faa22e18,0x0000000800000000)
  to   space 231936K, 0% used [0x00000007e3b00000,0x00000007e3b00000,0x00000007f1d80000)
 ParOldGen       total 873472K, used 857835K [0x0000000780800000, 0x00000007b5d00000, 0x00000007d5800000)
  object space 873472K, 98% used [0x0000000780800000,0x00000007b4dbac48,0x00000007b5d00000)
 PSPermGen       total 21504K, used 8537K [0x000000077b600000, 0x000000077cb00000, 0x0000000780800000)
  object space 21504K, 39% used [0x000000077b600000,0x000000077be56698,0x000000077cb00000)

Deoptimization events (10 events):
Event: 2.390 Thread 0x00000000028ed800 Uncommon trap: reason=bimorphic action=maybe_recompile pc=0x0000000002c0c654 method=org.apache.poi.hssf.record.aggregates.ValueRecordsAggregate.insertCell(Lorg/apache/poi/hssf/record/CellValueRecordInterface;)V @ 1
Event: 2.458 Thread 0x00000000028ed800 Uncommon trap: reason=bimorphic action=maybe_recompile pc=0x0000000002c139bc method=org.apache.poi.hssf.usermodel.HSSFCell.determineType(Lorg/apache/poi/hssf/record/CellValueRecordInterface;)I @ 15
Event: 2.500 Thread 0x00000000028ed800 Uncommon trap: reason=bimorphic action=maybe_recompile pc=0x0000000002c5afb0 method=java.util.regex.Pattern$BmpCharProperty.match(Ljava/util/regex/Matcher;ILjava/lang/CharSequence;)Z @ 31
Event: 2.622 Thread 0x00000000028ed800 Uncommon trap: reason=class_check action=maybe_recompile pc=0x0000000002bd4940 method=java.lang.reflect.Constructor.newInstance([Ljava/lang/Object;)Ljava/lang/Object; @ 79
Event: 2.653 Thread 0x00000000028ed800 Uncommon trap: reason=unloaded action=reinterpret pc=0x0000000002bccd94 method=sun.misc.FloatingDecimal.dtoa(IJI)V @ 1008
Event: 2.653 Thread 0x00000000028ed800 Uncommon trap: reason=unloaded action=reinterpret pc=0x0000000002bc6a3c method=sun.misc.FloatingDecimal.doubleValue()D @ 848
Event: 3.281 Thread 0x00000000028ed800 Uncommon trap: reason=class_check action=maybe_recompile pc=0x0000000002c3800c method=java.util.HashMap.put(Ljava/lang/Object;Ljava/lang/Object;)Ljava/lang/Object; @ 137
Event: 3.281 Thread 0x00000000028ed800 Uncommon trap: reason=class_check action=maybe_recompile pc=0x0000000002c3800c method=java.util.HashMap.put(Ljava/lang/Object;Ljava/lang/Object;)Ljava/lang/Object; @ 137
Event: 3.281 Thread 0x00000000028ed800 Uncommon trap: reason=class_check action=maybe_recompile pc=0x0000000002c3800c method=java.util.HashMap.put(Ljava/lang/Object;Ljava/lang/Object;)Ljava/lang/Object; @ 137
Event: 3.682 Thread 0x00000000028ed800 Uncommon trap: reason=class_check action=maybe_recompile pc=0x0000000002c3800c method=java.util.HashMap.put(Ljava/lang/Object;Ljava/lang/Object;)Ljava/lang/Object; @ 137

Internal exceptions (10 events):
Event: 3.297 Thread 0x00000000028ed800 Threw 0x00000007d6e3f030 at C:\re\jdk7u51\527\hotspot\src\share\vm\prims\jvm.cpp:1244
Event: 3.678 Thread 0x00000000028ed800 Threw 0x00000007dbff5c10 at C:\re\jdk7u51\527\hotspot\src\share\vm\prims\jvm.cpp:1244
Event: 3.679 Thread 0x00000000028ed800 Threw 0x00000007dbff83d8 at C:\re\jdk7u51\527\hotspot\src\share\vm\prims\jvm.cpp:1244
Event: 3.680 Thread 0x00000000028ed800 Threw 0x00000007dc001008 at C:\re\jdk7u51\527\hotspot\src\share\vm\prims\jvm.cpp:1244
Event: 3.680 Thread 0x00000000028ed800 Threw 0x00000007dc003080 at C:\re\jdk7u51\527\hotspot\src\share\vm\prims\jvm.cpp:1244
Event: 3.680 Thread 0x00000000028ed800 Threw 0x00000007dc005490 at C:\re\jdk7u51\527\hotspot\src\share\vm\prims\jvm.cpp:1244
Event: 3.681 Thread 0x00000000028ed800 Threw 0x00000007dc007608 at C:\re\jdk7u51\527\hotspot\src\share\vm\prims\jvm.cpp:1244
Event: 3.681 Thread 0x00000000028ed800 Threw 0x00000007dc00c0c0 at C:\re\jdk7u51\527\hotspot\src\share\vm\interpreter\interpreterRuntime.cpp:347
Event: 3.682 Thread 0x00000000028ed800 Threw 0x00000007dc00e8e0 at C:\re\jdk7u51\527\hotspot\src\share\vm\prims\jvm.cpp:1244
Event: 3.683 Thread 0x00000000028ed800 Threw 0x00000007dc010f78 at C:\re\jdk7u51\527\hotspot\src\share\vm\prims\jvm.cpp:1244

Events (10 events):
Event: 9.055 Executing VM operation: ParallelGCFailedAllocation done
Event: 9.551 Executing VM operation: ParallelGCFailedAllocation
Event: 9.831 Executing VM operation: ParallelGCFailedAllocation done
Event: 10.125 Executing VM operation: ParallelGCFailedAllocation
Event: 12.895 Executing VM operation: ParallelGCFailedAllocation done
Event: 13.316 Executing VM operation: ParallelGCFailedAllocation
Event: 13.579 Executing VM operation: ParallelGCFailedAllocation done
Event: 13.935 Executing VM operation: ParallelGCFailedAllocation
Event: 14.093 Executing VM operation: ParallelGCFailedAllocation done
Event: 14.293 Executing VM operation: ParallelGCFailedAllocation


Dynamic libraries:
0x00007ff71d570000 - 0x00007ff71d5a3000 	C:\Program Files\Java\jre7\bin\javaw.exe
0x00007ffaf99c0000 - 0x00007ffaf9b6a000 	C:\Windows\SYSTEM32\ntdll.dll
0x00007ffaf91b0000 - 0x00007ffaf92ea000 	C:\Windows\system32\KERNEL32.DLL
0x00007ffaf6f00000 - 0x00007ffaf700f000 	C:\Windows\system32\KERNELBASE.dll
0x00007ffaf5940000 - 0x00007ffaf59c8000 	C:\Windows\system32\apphelp.dll
0x00007ffaf0bc0000 - 0x00007ffaf0c0f000 	C:\Windows\AppPatch\AppPatch64\AcGenral.DLL
0x00007ffaf9680000 - 0x00007ffaf9727000 	C:\Windows\system32\msvcrt.dll
0x00007ffaf6b70000 - 0x00007ffaf6b9b000 	C:\Windows\SYSTEM32\SspiCli.dll
0x00007ffaf92f0000 - 0x00007ffaf9341000 	C:\Windows\system32\SHLWAPI.dll
0x00007ffaf75a0000 - 0x00007ffaf7711000 	C:\Windows\system32\USER32.dll
0x00007ffaf7240000 - 0x00007ffaf73b8000 	C:\Windows\system32\ole32.dll
0x00007ffaf7720000 - 0x00007ffaf8b36000 	C:\Windows\system32\SHELL32.dll
0x00007ffaf63a0000 - 0x00007ffaf63be000 	C:\Windows\SYSTEM32\USERENV.dll
0x00007ffaf93f0000 - 0x00007ffaf9495000 	C:\Windows\system32\ADVAPI32.dll
0x00007ffaefd90000 - 0x00007ffaefdab000 	C:\Windows\SYSTEM32\MPR.dll
0x00007ffaf8d10000 - 0x00007ffaf8e46000 	C:\Windows\system32\RPCRT4.dll
0x00007ffaf8cb0000 - 0x00007ffaf8d07000 	C:\Windows\SYSTEM32\sechost.dll
0x00007ffaf8e60000 - 0x00007ffaf9036000 	C:\Windows\SYSTEM32\combase.dll
0x00007ffaf9870000 - 0x00007ffaf99b5000 	C:\Windows\system32\GDI32.dll
0x00007ffaf6d30000 - 0x00007ffaf6d44000 	C:\Windows\SYSTEM32\profapi.dll
0x00007ffaf5370000 - 0x00007ffaf540f000 	C:\Windows\SYSTEM32\SHCORE.dll
0x00007ffaf9640000 - 0x00007ffaf9674000 	C:\Windows\system32\IMM32.DLL
0x00007ffaf8b40000 - 0x00007ffaf8c79000 	C:\Windows\system32\MSCTF.dll
0x00007ffaf4f40000 - 0x00007ffaf519a000 	C:\Windows\WinSxS\amd64_microsoft.windows.common-controls_6595b64144ccf1df_6.0.9600.17031_none_6242a4b3ecbb55a1\COMCTL32.dll
0x0000000062ec0000 - 0x0000000062f92000 	C:\Program Files\Java\jre7\bin\msvcr100.dll
0x00000000626f0000 - 0x0000000062eb9000 	C:\Program Files\Java\jre7\bin\server\jvm.dll
0x00007ffae83d0000 - 0x00007ffae83d9000 	C:\Windows\SYSTEM32\WSOCK32.dll
0x00007ffae8aa0000 - 0x00007ffae8abf000 	C:\Windows\SYSTEM32\WINMM.dll
0x00007ffaf8e50000 - 0x00007ffaf8e57000 	C:\Windows\system32\PSAPI.DLL
0x00007ffaf97f0000 - 0x00007ffaf9848000 	C:\Windows\system32\WS2_32.dll
0x00007ffae8a70000 - 0x00007ffae8a9a000 	C:\Windows\SYSTEM32\WINMMBASE.dll
0x00007ffaf8ca0000 - 0x00007ffaf8ca9000 	C:\Windows\system32\NSI.dll
0x00007ffaf71f0000 - 0x00007ffaf723a000 	C:\Windows\SYSTEM32\cfgmgr32.dll
0x00007ffaf5bd0000 - 0x00007ffaf5bf6000 	C:\Windows\SYSTEM32\DEVOBJ.dll
0x00000000626e0000 - 0x00000000626ef000 	C:\Program Files\Java\jre7\bin\verify.dll
0x00000000626b0000 - 0x00000000626d8000 	C:\Program Files\Java\jre7\bin\java.dll
0x0000000062690000 - 0x00000000626a5000 	C:\Program Files\Java\jre7\bin\zip.dll
0x0000000062670000 - 0x0000000062689000 	C:\Program Files\Java\jre7\bin\net.dll
0x00007ffaf65f0000 - 0x00007ffaf6648000 	C:\Windows\system32\mswsock.dll
0x0000000062650000 - 0x0000000062661000 	C:\Program Files\Java\jre7\bin\nio.dll
0x00007ffae21f0000 - 0x00007ffae2378000 	C:\Windows\SYSTEM32\dbghelp.dll

VM Arguments:
jvm_args: -Dfile.encoding=Cp1252 
java_command: paperIII.RegressionWithOnlyImportantDates
Launcher Type: SUN_STANDARD

Environment Variables:
PATH=C:\Windows\system32;C:\Windows;C:\Windows\System32\Wbem;C:\Windows\System32\WindowsPowerShell\v1.0\;C:\Program Files (x86)\ATI Technologies\ATI.ACE\Core-Static;C:\Program Files (x86)\Windows Kits\8.1\Windows Performance Toolkit\;C:\Program Files\Microsoft SQL Server\110\Tools\Binn\;C:\Program Files\Microsoft\Web Platform Installer\;C:\Program Files\Microsoft SQL Server\Client SDK\ODBC\110\Tools\Binn\;C:\Program Files (x86)\Microsoft SQL Server\120\Tools\Binn\;C:\Program Files\Microsoft SQL Server\120\Tools\Binn\;C:\Program Files\Microsoft SQL Server\120\DTS\Binn\;C:\Program Files (x86)\EcoWin\
USERNAME=Lars
OS=Windows_NT
PROCESSOR_IDENTIFIER=AMD64 Family 21 Model 1 Stepping 2, AuthenticAMD



---------------  S Y S T E M  ---------------

OS: Windows 8 , 64 bit Build 9200 

CPU:total 4 (4 cores per cpu, 1 threads per core) family 21 model 1 stepping 2, cmov, cx8, fxsr, mmx, sse, sse2, sse3, ssse3, sse4.1, sse4.2, popcnt, avx, aes, mmxext, 3dnowpref, lzcnt, sse4a, tsc, tscinvbit, tscinv

Memory: 4k page, physical 8355584k(4068136k free), swap 16744192k(11614164k free)

vm_info: Java HotSpot(TM) 64-Bit Server VM (24.51-b03) for windows-amd64 JRE (1.7.0_51-b13), built on Dec 18 2013 18:40:56 by "java_re" with unknown MS VC++:1600

time: Sun May 25 14:45:52 2014
elapsed time: 14 seconds

